<?xml version="1.0" encoding="UTF-8"?>
<!-- Generated by org.testng.reporters.JUnitXMLReporter -->
<testsuite ignored="0" hostname="DESKTOP-6IA74EL" failures="0" tests="25" name="Surefire test" time="5.319" errors="0" timestamp="2026-07-07T14:50:55 CST">
  <testcase classname="tests.CarritoTest" name="getCarritos" time="0.714"/>
  <testcase classname="tests.CarritoTest" name="postCarritoValido" time="0.45"/>
  <testcase classname="tests.CarritoTest" name="postCarritoInvalido" time="0.012"/>
  <testcase classname="tests.CarritoTest" name="putCarrito" time="0.286"/>
  <testcase classname="tests.CarritoTest" name="deleteCarrito" time="0.188"/>
  <testcase classname="tests.CategoriaTest" name="getCategorias" time="0.085"/>
  <testcase classname="tests.CategoriaTest" name="postCategoriaValida" time="0.168"/>
  <testcase classname="tests.CategoriaTest" name="postCategoriaInvalida" time="0.085"/>
  <testcase classname="tests.CategoriaTest" name="putCategoria" time="0.355"/>
  <testcase classname="tests.CategoriaTest" name="deleteCategoria" time="0.269"/>
  <testcase classname="tests.OrdenTest" name="getOrdenes" time="0.183"/>
  <testcase classname="tests.OrdenTest" name="postOrdenValida" time="0.11"/>
  <testcase classname="tests.OrdenTest" name="postOrdenInvalida" time="0.006"/>
  <testcase classname="tests.OrdenTest" name="putOrden" time="0.283"/>
  <testcase classname="tests.OrdenTest" name="deleteOrden" time="0.183"/>
  <testcase classname="tests.ProductoTest" name="getProductos" time="0.171"/>
  <testcase classname="tests.ProductoTest" name="postProductoValido" time="0.088"/>
  <testcase classname="tests.ProductoTest" name="postProductoInvalido" time="0.004"/>
  <testcase classname="tests.ProductoTest" name="putProducto" time="0.272"/>
  <testcase classname="tests.ProductoTest" name="deleteProducto" time="0.182"/>
  <testcase classname="tests.UsuarioTest" name="getUsuarios" time="0.083"/>
  <testcase classname="tests.UsuarioTest" name="postUsuarioValido" time="0.164"/>
  <testcase classname="tests.UsuarioTest" name="postUsuarioInvalido" time="0.083"/>
  <testcase classname="tests.UsuarioTest" name="putUsuario" time="0.356"/>
  <testcase classname="tests.UsuarioTest" name="deleteUsuario" time="0.283"/>
</testsuite> <!-- Surefire test -->
