<?xml version="1.0" encoding="UTF-8"?>
<testsuite xmlns:xsi="http://www.w3.org/2001/XMLSchema-instance" xsi:noNamespaceSchemaLocation="https://maven.apache.org/surefire/maven-surefire-plugin/xsd/surefire-test-report.xsd" version="3.0.2" name="TestSuite" time="5.623" tests="25" errors="0" skipped="0" failures="0">
  <properties>
[...]
</properties>
  <testcase name="getCarritos" classname="tests.CarritoTest" time="0.714">
    <system-err><![CDATA[SLF4J: Failed to load class "org.slf4j.impl.StaticLoggerBinder".
SLF4J: Defaulting to no-operation (NOP) logger implementation
SLF4J: See http://www.slf4j.org/codes.html#StaticLoggerBinder for further details.
]]></system-err>
  </testcase>
  <testcase name="postCarritoValido" classname="tests.CarritoTest" time="0.451"/>
  <testcase name="postCarritoInvalido" classname="tests.CarritoTest" time="0.011"/>
  <testcase name="putCarrito" classname="tests.CarritoTest" time="0.286"/>
  <testcase name="deleteCarrito" classname="tests.CarritoTest" time="0.188"/>
  <testcase name="getCategorias" classname="tests.CategoriaTest" time="0.086"/>
  <testcase name="postCategoriaValida" classname="tests.CategoriaTest" time="0.168"/>
  <testcase name="postCategoriaInvalida" classname="tests.CategoriaTest" time="0.084"/>
  <testcase name="putCategoria" classname="tests.CategoriaTest" time="0.354"/>
  <testcase name="deleteCategoria" classname="tests.CategoriaTest" time="0.269"/>
  <testcase name="getOrdenes" classname="tests.OrdenTest" time="0.184"/>
  <testcase name="postOrdenValida" classname="tests.OrdenTest" time="0.11"/>
  <testcase name="postOrdenInvalida" classname="tests.OrdenTest" time="0.006"/>
  <testcase name="putOrden" classname="tests.OrdenTest" time="0.283"/>
  <testcase name="deleteOrden" classname="tests.OrdenTest" time="0.183"/>
  <testcase name="getProductos" classname="tests.ProductoTest" time="0.171"/>
  <testcase name="postProductoValido" classname="tests.ProductoTest" time="0.088"/>
  <testcase name="postProductoInvalido" classname="tests.ProductoTest" time="0.005"/>
  <testcase name="putProducto" classname="tests.ProductoTest" time="0.272"/>
  <testcase name="deleteProducto" classname="tests.ProductoTest" time="0.182"/>
  <testcase name="getUsuarios" classname="tests.UsuarioTest" time="0.083"/>
  <testcase name="postUsuarioValido" classname="tests.UsuarioTest" time="0.165"/>
  <testcase name="postUsuarioInvalido" classname="tests.UsuarioTest" time="0.083"/>
  <testcase name="putUsuario" classname="tests.UsuarioTest" time="0.356"/>
  <testcase name="deleteUsuario" classname="tests.UsuarioTest" time="0.283"/>
</testsuite>