<?xml version="1.0" encoding="UTF-8"?>
<!-- Generated by org.testng.reporters.JUnitReportReporter -->
<testsuite hostname="DESKTOP-6IA74EL" failures="0" tests="5" name="tests.CarritoTest" time="1.650" errors="0" timestamp="2026-07-07T14:50:55 CST" skipped="0">
  <testcase classname="tests.CarritoTest" name="getCarritos" time="0.714"/>
  <testcase classname="tests.CarritoTest" name="postCarritoValido" time="0.450"/>
  <testcase classname="tests.CarritoTest" name="postCarritoInvalido" time="0.012"/>
  <testcase classname="tests.CarritoTest" name="putCarrito" time="0.286"/>
  <testcase classname="tests.CarritoTest" name="deleteCarrito" time="0.188"/>
</testsuite> <!-- tests.CarritoTest -->
