<?xml version="1.0" encoding="UTF-8"?>
<!-- Generated by org.testng.reporters.JUnitReportReporter -->
<testsuite hostname="DESKTOP-6IA74EL" failures="0" tests="5" name="tests.OrdenTest" time="0.765" errors="0" timestamp="2026-07-07T14:50:55 CST" skipped="0">
  <testcase classname="tests.OrdenTest" name="getOrdenes" time="0.183"/>
  <testcase classname="tests.OrdenTest" name="postOrdenValida" time="0.110"/>
  <testcase classname="tests.OrdenTest" name="postOrdenInvalida" time="0.006"/>
  <testcase classname="tests.OrdenTest" name="putOrden" time="0.283"/>
  <testcase classname="tests.OrdenTest" name="deleteOrden" time="0.183"/>
</testsuite> <!-- tests.OrdenTest -->
