<?xml version="1.0" encoding="UTF-8"?>
<!-- Generated by org.testng.reporters.JUnitReportReporter -->
<testsuite hostname="DESKTOP-6IA74EL" failures="0" tests="5" name="tests.UsuarioTest" time="0.969" errors="0" timestamp="2026-07-07T14:50:55 CST" skipped="0">
  <testcase classname="tests.UsuarioTest" name="getUsuarios" time="0.083"/>
  <testcase classname="tests.UsuarioTest" name="postUsuarioValido" time="0.164"/>
  <testcase classname="tests.UsuarioTest" name="postUsuarioInvalido" time="0.083"/>
  <testcase classname="tests.UsuarioTest" name="putUsuario" time="0.356"/>
  <testcase classname="tests.UsuarioTest" name="deleteUsuario" time="0.283"/>
</testsuite> <!-- tests.UsuarioTest -->
