<?xml version="1.0" encoding="UTF-8"?>
<!-- Generated by org.testng.reporters.JUnitReportReporter -->
<testsuite hostname="DESKTOP-6IA74EL" failures="0" tests="5" name="tests.CategoriaTest" time="0.962" errors="0" timestamp="2026-07-07T14:50:55 CST" skipped="0">
  <testcase classname="tests.CategoriaTest" name="getCategorias" time="0.085"/>
  <testcase classname="tests.CategoriaTest" name="postCategoriaValida" time="0.168"/>
  <testcase classname="tests.CategoriaTest" name="postCategoriaInvalida" time="0.085"/>
  <testcase classname="tests.CategoriaTest" name="putCategoria" time="0.355"/>
  <testcase classname="tests.CategoriaTest" name="deleteCategoria" time="0.269"/>
</testsuite> <!-- tests.CategoriaTest -->
