<?xml version="1.0" encoding="UTF-8"?>
<!-- Generated by org.testng.reporters.JUnitReportReporter -->
<testsuite hostname="DESKTOP-6IA74EL" failures="0" tests="5" name="tests.ProductoTest" time="0.717" errors="0" timestamp="2026-07-07T14:50:55 CST" skipped="0">
  <testcase classname="tests.ProductoTest" name="getProductos" time="0.171"/>
  <testcase classname="tests.ProductoTest" name="postProductoValido" time="0.088"/>
  <testcase classname="tests.ProductoTest" name="postProductoInvalido" time="0.004"/>
  <testcase classname="tests.ProductoTest" name="putProducto" time="0.272"/>
  <testcase classname="tests.ProductoTest" name="deleteProducto" time="0.182"/>
</testsuite> <!-- tests.ProductoTest -->
